<?xml version="1.0" encoding="UTF-8"?>
<testng-results ignored="0" total="2" passed="2" failed="0" skipped="0">
  <reporter-output>
  </reporter-output>
  <suite started-at="2023-12-13T12:13:05 IST" name="Suite" finished-at="2023-12-13T12:13:49 IST" duration-ms="43780">
    <groups>
    </groups>
    <test started-at="2023-12-13T12:13:05 IST" name="Test" finished-at="2023-12-13T12:13:49 IST" duration-ms="43780">
      <class name="day13dec23.Runner">
        <test-method is-config="true" signature="setUp()[pri:0, instance:day13dec23.Runner@689604d9]" started-at="2023-12-13T12:13:05 IST" name="setUp" finished-at="2023-12-13T12:13:24 IST" duration-ms="18973" status="PASS">
          <reporter-output>
          </reporter-output>
        </test-method> <!-- setUp -->
        <test-method signature="login()[pri:0, instance:day13dec23.Runner@689604d9]" started-at="2023-12-13T12:13:24 IST" name="login" description="Verifying login for Orange HRM" finished-at="2023-12-13T12:13:27 IST" duration-ms="3121" status="PASS">
          <reporter-output>
          </reporter-output>
        </test-method> <!-- login -->
        <test-method is-config="true" signature="tearDown()[pri:0, instance:day13dec23.Runner@689604d9]" started-at="2023-12-13T12:13:27 IST" name="tearDown" finished-at="2023-12-13T12:13:28 IST" duration-ms="512" status="PASS">
          <reporter-output>
          </reporter-output>
        </test-method> <!-- tearDown -->
        <test-method is-config="true" signature="setUp()[pri:0, instance:day13dec23.Runner@689604d9]" started-at="2023-12-13T12:13:28 IST" name="setUp" finished-at="2023-12-13T12:13:36 IST" duration-ms="8283" status="PASS">
          <reporter-output>
          </reporter-output>
        </test-method> <!-- setUp -->
        <test-method signature="verifyAddCustomer()[pri:0, instance:day13dec23.Runner@689604d9]" started-at="2023-12-13T12:13:36 IST" name="verifyAddCustomer" description="Add new customer" finished-at="2023-12-13T12:13:48 IST" duration-ms="12443" status="PASS">
          <reporter-output>
          </reporter-output>
        </test-method> <!-- verifyAddCustomer -->
        <test-method is-config="true" signature="tearDown()[pri:0, instance:day13dec23.Runner@689604d9]" started-at="2023-12-13T12:13:48 IST" name="tearDown" finished-at="2023-12-13T12:13:49 IST" duration-ms="358" status="PASS">
          <reporter-output>
          </reporter-output>
        </test-method> <!-- tearDown -->
      </class> <!-- day13dec23.Runner -->
    </test> <!-- Test -->
  </suite> <!-- Suite -->
</testng-results>
